[2024-08-11T13:41:44.346+0000] {taskinstance.py:1165} INFO - Dependencies all met for <TaskInstance: parallel_dag.load_b manual__2024-08-11T13:41:42.083250+00:00 [queued]>
[2024-08-11T13:41:44.388+0000] {taskinstance.py:1165} INFO - Dependencies all met for <TaskInstance: parallel_dag.load_b manual__2024-08-11T13:41:42.083250+00:00 [queued]>
[2024-08-11T13:41:44.390+0000] {taskinstance.py:1362} INFO - 
--------------------------------------------------------------------------------
[2024-08-11T13:41:44.398+0000] {taskinstance.py:1363} INFO - Starting attempt 1 of 1
[2024-08-11T13:41:44.402+0000] {taskinstance.py:1364} INFO - 
--------------------------------------------------------------------------------
[2024-08-11T13:41:44.478+0000] {taskinstance.py:1383} INFO - Executing <Task(BashOperator): load_b> on 2024-08-11 13:41:42.083250+00:00
[2024-08-11T13:41:44.513+0000] {standard_task_runner.py:55} INFO - Started process 316 to run task
[2024-08-11T13:41:44.531+0000] {standard_task_runner.py:82} INFO - Running: ['***', 'tasks', 'run', 'parallel_dag', 'load_b', 'manual__2024-08-11T13:41:42.083250+00:00', '--job-id', '80', '--raw', '--subdir', 'DAGS_FOLDER/parallel_dag.py', '--cfg-path', '/tmp/tmpqi6fqktj']
[2024-08-11T13:41:44.535+0000] {standard_task_runner.py:83} INFO - Job 80: Subtask load_b
[2024-08-11T13:41:44.803+0000] {task_command.py:376} INFO - Running <TaskInstance: parallel_dag.load_b manual__2024-08-11T13:41:42.083250+00:00 [running]> on host 89ddf1bc642b
[2024-08-11T13:41:45.143+0000] {taskinstance.py:1592} INFO - Exporting the following env vars:
AIRFLOW_CTX_DAG_OWNER=***
AIRFLOW_CTX_DAG_ID=parallel_dag
AIRFLOW_CTX_TASK_ID=load_b
AIRFLOW_CTX_EXECUTION_DATE=2024-08-11T13:41:42.083250+00:00
AIRFLOW_CTX_TRY_NUMBER=1
AIRFLOW_CTX_DAG_RUN_ID=manual__2024-08-11T13:41:42.083250+00:00
[2024-08-11T13:41:45.146+0000] {subprocess.py:63} INFO - Tmp dir root location: 
 /tmp
[2024-08-11T13:41:45.149+0000] {subprocess.py:75} INFO - Running command: ['/bin/bash', '-c', 'sleep 30']
[2024-08-11T13:41:45.173+0000] {subprocess.py:86} INFO - Output:
[2024-08-11T13:42:15.181+0000] {subprocess.py:97} INFO - Command exited with return code 0
[2024-08-11T13:42:15.269+0000] {taskinstance.py:1406} INFO - Marking task as SUCCESS. dag_id=parallel_dag, task_id=load_b, execution_date=20240811T134142, start_date=20240811T134144, end_date=20240811T134215
[2024-08-11T13:42:15.336+0000] {local_task_job.py:164} INFO - Task exited with return code 0
[2024-08-11T13:42:15.401+0000] {local_task_job.py:273} INFO - 0 downstream tasks scheduled from follow-on schedule check
