[2024-08-10T14:01:34.950+0000] {taskinstance.py:1165} INFO - Dependencies all met for <TaskInstance: example_bash_operator.also_run_this scheduled__2024-08-09T00:00:00+00:00 [queued]>
[2024-08-10T14:01:34.963+0000] {taskinstance.py:1165} INFO - Dependencies all met for <TaskInstance: example_bash_operator.also_run_this scheduled__2024-08-09T00:00:00+00:00 [queued]>
[2024-08-10T14:01:34.963+0000] {taskinstance.py:1362} INFO - 
--------------------------------------------------------------------------------
[2024-08-10T14:01:34.964+0000] {taskinstance.py:1363} INFO - Starting attempt 1 of 1
[2024-08-10T14:01:34.964+0000] {taskinstance.py:1364} INFO - 
--------------------------------------------------------------------------------
[2024-08-10T14:01:35.005+0000] {taskinstance.py:1383} INFO - Executing <Task(BashOperator): also_run_this> on 2024-08-09 00:00:00+00:00
[2024-08-10T14:01:35.013+0000] {standard_task_runner.py:55} INFO - Started process 735 to run task
[2024-08-10T14:01:35.020+0000] {standard_task_runner.py:82} INFO - Running: ['***', 'tasks', 'run', 'example_bash_operator', 'also_run_this', 'scheduled__2024-08-09T00:00:00+00:00', '--job-id', '4', '--raw', '--subdir', '/home/***/.local/lib/python3.7/site-packages/***/example_dags/example_bash_operator.py', '--cfg-path', '/tmp/tmpq6h2os5o']
[2024-08-10T14:01:35.024+0000] {standard_task_runner.py:83} INFO - Job 4: Subtask also_run_this
[2024-08-10T14:01:35.145+0000] {task_command.py:376} INFO - Running <TaskInstance: example_bash_operator.also_run_this scheduled__2024-08-09T00:00:00+00:00 [running]> on host ac5f4abca0b6
[2024-08-10T14:01:35.252+0000] {taskinstance.py:1592} INFO - Exporting the following env vars:
AIRFLOW_CTX_DAG_OWNER=***
AIRFLOW_CTX_DAG_ID=example_bash_operator
AIRFLOW_CTX_TASK_ID=also_run_this
AIRFLOW_CTX_EXECUTION_DATE=2024-08-09T00:00:00+00:00
AIRFLOW_CTX_TRY_NUMBER=1
AIRFLOW_CTX_DAG_RUN_ID=scheduled__2024-08-09T00:00:00+00:00
[2024-08-10T14:01:35.256+0000] {subprocess.py:63} INFO - Tmp dir root location: 
 /tmp
[2024-08-10T14:01:35.257+0000] {subprocess.py:75} INFO - Running command: ['/bin/bash', '-c', 'echo "ti_key=example_bash_operator__also_run_this__20240809"']
[2024-08-10T14:01:35.280+0000] {subprocess.py:86} INFO - Output:
[2024-08-10T14:01:35.281+0000] {subprocess.py:93} INFO - ti_key=example_bash_operator__also_run_this__20240809
[2024-08-10T14:01:35.282+0000] {subprocess.py:97} INFO - Command exited with return code 0
[2024-08-10T14:01:35.325+0000] {taskinstance.py:1406} INFO - Marking task as SUCCESS. dag_id=example_bash_operator, task_id=also_run_this, execution_date=20240809T000000, start_date=20240810T140134, end_date=20240810T140135
[2024-08-10T14:01:35.361+0000] {local_task_job.py:164} INFO - Task exited with return code 0
[2024-08-10T14:01:35.435+0000] {local_task_job.py:273} INFO - 0 downstream tasks scheduled from follow-on schedule check
