[2024-08-11T13:41:44.526+0000] {taskinstance.py:1165} INFO - Dependencies all met for <TaskInstance: parallel_dag.load_a manual__2024-08-11T13:41:42.083250+00:00 [queued]>
[2024-08-11T13:41:44.592+0000] {taskinstance.py:1165} INFO - Dependencies all met for <TaskInstance: parallel_dag.load_a manual__2024-08-11T13:41:42.083250+00:00 [queued]>
[2024-08-11T13:41:44.614+0000] {taskinstance.py:1362} INFO - 
--------------------------------------------------------------------------------
[2024-08-11T13:41:44.615+0000] {taskinstance.py:1363} INFO - Starting attempt 1 of 1
[2024-08-11T13:41:44.616+0000] {taskinstance.py:1364} INFO - 
--------------------------------------------------------------------------------
[2024-08-11T13:41:44.665+0000] {taskinstance.py:1383} INFO - Executing <Task(BashOperator): load_a> on 2024-08-11 13:41:42.083250+00:00
[2024-08-11T13:41:44.676+0000] {standard_task_runner.py:55} INFO - Started process 317 to run task
[2024-08-11T13:41:44.683+0000] {standard_task_runner.py:82} INFO - Running: ['***', 'tasks', 'run', 'parallel_dag', 'load_a', 'manual__2024-08-11T13:41:42.083250+00:00', '--job-id', '82', '--raw', '--subdir', 'DAGS_FOLDER/parallel_dag.py', '--cfg-path', '/tmp/tmp9fej4lz2']
[2024-08-11T13:41:44.685+0000] {standard_task_runner.py:83} INFO - Job 82: Subtask load_a
[2024-08-11T13:41:44.938+0000] {task_command.py:376} INFO - Running <TaskInstance: parallel_dag.load_a manual__2024-08-11T13:41:42.083250+00:00 [running]> on host e087b5639ddf
[2024-08-11T13:41:45.215+0000] {taskinstance.py:1592} INFO - Exporting the following env vars:
AIRFLOW_CTX_DAG_OWNER=***
AIRFLOW_CTX_DAG_ID=parallel_dag
AIRFLOW_CTX_TASK_ID=load_a
AIRFLOW_CTX_EXECUTION_DATE=2024-08-11T13:41:42.083250+00:00
AIRFLOW_CTX_TRY_NUMBER=1
AIRFLOW_CTX_DAG_RUN_ID=manual__2024-08-11T13:41:42.083250+00:00
[2024-08-11T13:41:45.218+0000] {subprocess.py:63} INFO - Tmp dir root location: 
 /tmp
[2024-08-11T13:41:45.220+0000] {subprocess.py:75} INFO - Running command: ['/bin/bash', '-c', 'sleep 30']
[2024-08-11T13:41:45.235+0000] {subprocess.py:86} INFO - Output:
[2024-08-11T13:42:15.247+0000] {subprocess.py:97} INFO - Command exited with return code 0
[2024-08-11T13:42:15.324+0000] {taskinstance.py:1406} INFO - Marking task as SUCCESS. dag_id=parallel_dag, task_id=load_a, execution_date=20240811T134142, start_date=20240811T134144, end_date=20240811T134215
[2024-08-11T13:42:15.408+0000] {local_task_job.py:164} INFO - Task exited with return code 0
[2024-08-11T13:42:15.476+0000] {local_task_job.py:273} INFO - 0 downstream tasks scheduled from follow-on schedule check
