[2024-08-11T12:41:56.282+0000] {taskinstance.py:1165} INFO - Dependencies all met for <TaskInstance: producer_1.update_dataset manual__2024-08-11T12:41:54.705890+00:00 [queued]>
[2024-08-11T12:41:56.301+0000] {taskinstance.py:1165} INFO - Dependencies all met for <TaskInstance: producer_1.update_dataset manual__2024-08-11T12:41:54.705890+00:00 [queued]>
[2024-08-11T12:41:56.301+0000] {taskinstance.py:1362} INFO - 
--------------------------------------------------------------------------------
[2024-08-11T12:41:56.302+0000] {taskinstance.py:1363} INFO - Starting attempt 1 of 1
[2024-08-11T12:41:56.303+0000] {taskinstance.py:1364} INFO - 
--------------------------------------------------------------------------------
[2024-08-11T12:41:56.327+0000] {taskinstance.py:1383} INFO - Executing <Task(_PythonDecoratedOperator): update_dataset> on 2024-08-11 12:41:54.705890+00:00
[2024-08-11T12:41:56.338+0000] {standard_task_runner.py:55} INFO - Started process 224 to run task
[2024-08-11T12:41:56.342+0000] {standard_task_runner.py:82} INFO - Running: ['***', 'tasks', 'run', 'producer_1', 'update_dataset', 'manual__2024-08-11T12:41:54.705890+00:00', '--job-id', '44', '--raw', '--subdir', 'DAGS_FOLDER/producer_1.py', '--cfg-path', '/tmp/tmpp4see_zy']
[2024-08-11T12:41:56.343+0000] {standard_task_runner.py:83} INFO - Job 44: Subtask update_dataset
[2024-08-11T12:41:56.501+0000] {task_command.py:376} INFO - Running <TaskInstance: producer_1.update_dataset manual__2024-08-11T12:41:54.705890+00:00 [running]> on host ac5f4abca0b6
[2024-08-11T12:41:56.610+0000] {taskinstance.py:1592} INFO - Exporting the following env vars:
AIRFLOW_CTX_DAG_OWNER=***
AIRFLOW_CTX_DAG_ID=producer_1
AIRFLOW_CTX_TASK_ID=update_dataset
AIRFLOW_CTX_EXECUTION_DATE=2024-08-11T12:41:54.705890+00:00
AIRFLOW_CTX_TRY_NUMBER=1
AIRFLOW_CTX_DAG_RUN_ID=manual__2024-08-11T12:41:54.705890+00:00
[2024-08-11T12:41:56.617+0000] {python.py:177} INFO - Done. Returned value was: None
[2024-08-11T12:41:56.621+0000] {warnings.py:110} WARNING - /home/***/.local/lib/python3.7/site-packages/***/models/baseoperator.py:1390: RemovedInAirflow3Warning: Passing 'execution_date' to 'TaskInstance.xcom_push()' is deprecated.
  context['ti'].xcom_push(key=key, value=value, execution_date=execution_date)

[2024-08-11T12:41:56.685+0000] {taskinstance.py:1406} INFO - Marking task as SUCCESS. dag_id=producer_1, task_id=update_dataset, execution_date=20240811T124154, start_date=20240811T124156, end_date=20240811T124156
[2024-08-11T12:41:56.756+0000] {local_task_job.py:164} INFO - Task exited with return code 0
[2024-08-11T12:41:56.786+0000] {local_task_job.py:273} INFO - 0 downstream tasks scheduled from follow-on schedule check
