[2024-08-11T12:23:55.599+0000] {taskinstance.py:1165} INFO - Dependencies all met for <TaskInstance: consumer.read_from_dataset2 dataset_triggered__2024-08-11T12:22:32.226558+00:00 [queued]>
[2024-08-11T12:23:55.619+0000] {taskinstance.py:1165} INFO - Dependencies all met for <TaskInstance: consumer.read_from_dataset2 dataset_triggered__2024-08-11T12:22:32.226558+00:00 [queued]>
[2024-08-11T12:23:55.620+0000] {taskinstance.py:1362} INFO - 
--------------------------------------------------------------------------------
[2024-08-11T12:23:55.621+0000] {taskinstance.py:1363} INFO - Starting attempt 2 of 2
[2024-08-11T12:23:55.622+0000] {taskinstance.py:1364} INFO - 
--------------------------------------------------------------------------------
[2024-08-11T12:23:55.644+0000] {taskinstance.py:1383} INFO - Executing <Task(_PythonDecoratedOperator): read_from_dataset2> on 2024-08-11 12:22:32.226558+00:00
[2024-08-11T12:23:55.653+0000] {standard_task_runner.py:55} INFO - Started process 5341 to run task
[2024-08-11T12:23:55.657+0000] {standard_task_runner.py:82} INFO - Running: ['***', 'tasks', 'run', 'consumer', 'read_from_dataset2', 'dataset_triggered__2024-08-11T12:22:32.226558+00:00', '--job-id', '38', '--raw', '--subdir', 'DAGS_FOLDER/consumer.py', '--cfg-path', '/tmp/tmpm19tiajx']
[2024-08-11T12:23:55.658+0000] {standard_task_runner.py:83} INFO - Job 38: Subtask read_from_dataset2
[2024-08-11T12:23:55.753+0000] {task_command.py:376} INFO - Running <TaskInstance: consumer.read_from_dataset2 dataset_triggered__2024-08-11T12:22:32.226558+00:00 [running]> on host ac5f4abca0b6
[2024-08-11T12:23:55.851+0000] {taskinstance.py:1592} INFO - Exporting the following env vars:
AIRFLOW_CTX_DAG_OWNER=***
AIRFLOW_CTX_DAG_ID=consumer
AIRFLOW_CTX_TASK_ID=read_from_dataset2
AIRFLOW_CTX_EXECUTION_DATE=2024-08-11T12:22:32.226558+00:00
AIRFLOW_CTX_TRY_NUMBER=2
AIRFLOW_CTX_DAG_RUN_ID=dataset_triggered__2024-08-11T12:22:32.226558+00:00
[2024-08-11T12:23:55.852+0000] {logging_mixin.py:120} INFO - {'key': 'value', 'foo': 'bar'}
[2024-08-11T12:23:55.853+0000] {python.py:177} INFO - Done. Returned value was: {'json_data': {'key': 'value', 'foo': 'bar'}}
[2024-08-11T12:23:55.885+0000] {taskinstance.py:1406} INFO - Marking task as SUCCESS. dag_id=consumer, task_id=read_from_dataset2, execution_date=20240811T122232, start_date=20240811T122355, end_date=20240811T122355
[2024-08-11T12:23:55.951+0000] {local_task_job.py:164} INFO - Task exited with return code 0
[2024-08-11T12:23:55.990+0000] {local_task_job.py:273} INFO - 1 downstream tasks scheduled from follow-on schedule check
