[2024-08-11T12:22:34.575+0000] {taskinstance.py:1165} INFO - Dependencies all met for <TaskInstance: consumer.read_from_dataset2 dataset_triggered__2024-08-11T12:22:32.226558+00:00 [queued]>
[2024-08-11T12:22:34.599+0000] {taskinstance.py:1165} INFO - Dependencies all met for <TaskInstance: consumer.read_from_dataset2 dataset_triggered__2024-08-11T12:22:32.226558+00:00 [queued]>
[2024-08-11T12:22:34.600+0000] {taskinstance.py:1362} INFO - 
--------------------------------------------------------------------------------
[2024-08-11T12:22:34.600+0000] {taskinstance.py:1363} INFO - Starting attempt 1 of 1
[2024-08-11T12:22:34.601+0000] {taskinstance.py:1364} INFO - 
--------------------------------------------------------------------------------
[2024-08-11T12:22:34.628+0000] {taskinstance.py:1383} INFO - Executing <Task(_PythonDecoratedOperator): read_from_dataset2> on 2024-08-11 12:22:32.226558+00:00
[2024-08-11T12:22:34.636+0000] {standard_task_runner.py:55} INFO - Started process 5284 to run task
[2024-08-11T12:22:34.641+0000] {standard_task_runner.py:82} INFO - Running: ['***', 'tasks', 'run', 'consumer', 'read_from_dataset2', 'dataset_triggered__2024-08-11T12:22:32.226558+00:00', '--job-id', '37', '--raw', '--subdir', 'DAGS_FOLDER/consumer.py', '--cfg-path', '/tmp/tmph1ub_un2']
[2024-08-11T12:22:34.643+0000] {standard_task_runner.py:83} INFO - Job 37: Subtask read_from_dataset2
[2024-08-11T12:22:34.740+0000] {task_command.py:376} INFO - Running <TaskInstance: consumer.read_from_dataset2 dataset_triggered__2024-08-11T12:22:32.226558+00:00 [running]> on host ac5f4abca0b6
[2024-08-11T12:22:34.901+0000] {taskinstance.py:1592} INFO - Exporting the following env vars:
AIRFLOW_CTX_DAG_OWNER=***
AIRFLOW_CTX_DAG_ID=consumer
AIRFLOW_CTX_TASK_ID=read_from_dataset2
AIRFLOW_CTX_EXECUTION_DATE=2024-08-11T12:22:32.226558+00:00
AIRFLOW_CTX_TRY_NUMBER=1
AIRFLOW_CTX_DAG_RUN_ID=dataset_triggered__2024-08-11T12:22:32.226558+00:00
[2024-08-11T12:22:34.904+0000] {logging_mixin.py:120} INFO - {'key': 'value', 'foo': 'bar'}
[2024-08-11T12:22:34.906+0000] {consumer.py:37} ERROR - Error reading from dataset 2: 'dict' object has no attribute 'task_instance'
[2024-08-11T12:22:34.911+0000] {taskinstance.py:1851} ERROR - Task failed with exception
Traceback (most recent call last):
  File "/opt/airflow/dags/consumer.py", line 35, in read_from_dataset2
    kwargs.task_instance.xcom_push(key='json_data_key', value=data)
AttributeError: 'dict' object has no attribute 'task_instance'

During handling of the above exception, another exception occurred:

Traceback (most recent call last):
  File "/home/airflow/.local/lib/python3.7/site-packages/airflow/decorators/base.py", line 188, in execute
    return_value = super().execute(context)
  File "/home/airflow/.local/lib/python3.7/site-packages/airflow/operators/python.py", line 175, in execute
    return_value = self.execute_callable()
  File "/home/airflow/.local/lib/python3.7/site-packages/airflow/operators/python.py", line 193, in execute_callable
    return self.python_callable(*self.op_args, **self.op_kwargs)
  File "/opt/airflow/dags/consumer.py", line 39, in read_from_dataset2
    kwargs.task_instance.xcom_push(key='json_data_key', value=None)
AttributeError: 'dict' object has no attribute 'task_instance'
[2024-08-11T12:22:34.940+0000] {taskinstance.py:1406} INFO - Marking task as FAILED. dag_id=consumer, task_id=read_from_dataset2, execution_date=20240811T122232, start_date=20240811T122234, end_date=20240811T122234
[2024-08-11T12:22:34.972+0000] {standard_task_runner.py:105} ERROR - Failed to execute job 37 for task read_from_dataset2 ('dict' object has no attribute 'task_instance'; 5284)
[2024-08-11T12:22:35.015+0000] {local_task_job.py:164} INFO - Task exited with return code 1
[2024-08-11T12:22:35.066+0000] {local_task_job.py:273} INFO - 0 downstream tasks scheduled from follow-on schedule check
