[2024-08-11T12:13:44.389+0000] {taskinstance.py:1165} INFO - Dependencies all met for <TaskInstance: consumer.read_from_dataset dataset_triggered__2024-08-11T12:13:42.240073+00:00 [queued]>
[2024-08-11T12:13:44.429+0000] {taskinstance.py:1165} INFO - Dependencies all met for <TaskInstance: consumer.read_from_dataset dataset_triggered__2024-08-11T12:13:42.240073+00:00 [queued]>
[2024-08-11T12:13:44.431+0000] {taskinstance.py:1362} INFO - 
--------------------------------------------------------------------------------
[2024-08-11T12:13:44.432+0000] {taskinstance.py:1363} INFO - Starting attempt 1 of 1
[2024-08-11T12:13:44.437+0000] {taskinstance.py:1364} INFO - 
--------------------------------------------------------------------------------
[2024-08-11T12:13:44.478+0000] {taskinstance.py:1383} INFO - Executing <Task(_PythonDecoratedOperator): read_from_dataset> on 2024-08-11 12:13:42.240073+00:00
[2024-08-11T12:13:44.487+0000] {standard_task_runner.py:55} INFO - Started process 4847 to run task
[2024-08-11T12:13:44.497+0000] {standard_task_runner.py:82} INFO - Running: ['***', 'tasks', 'run', 'consumer', 'read_from_dataset', 'dataset_triggered__2024-08-11T12:13:42.240073+00:00', '--job-id', '27', '--raw', '--subdir', 'DAGS_FOLDER/consumer.py', '--cfg-path', '/tmp/tmp6i8c2_xl']
[2024-08-11T12:13:44.498+0000] {standard_task_runner.py:83} INFO - Job 27: Subtask read_from_dataset
[2024-08-11T12:13:44.654+0000] {task_command.py:376} INFO - Running <TaskInstance: consumer.read_from_dataset dataset_triggered__2024-08-11T12:13:42.240073+00:00 [running]> on host ac5f4abca0b6
[2024-08-11T12:13:44.857+0000] {taskinstance.py:1592} INFO - Exporting the following env vars:
AIRFLOW_CTX_DAG_OWNER=***
AIRFLOW_CTX_DAG_ID=consumer
AIRFLOW_CTX_TASK_ID=read_from_dataset
AIRFLOW_CTX_EXECUTION_DATE=2024-08-11T12:13:42.240073+00:00
AIRFLOW_CTX_TRY_NUMBER=1
AIRFLOW_CTX_DAG_RUN_ID=dataset_triggered__2024-08-11T12:13:42.240073+00:00
[2024-08-11T12:13:44.860+0000] {logging_mixin.py:120} INFO - producer updatedproducer updated
[2024-08-11T12:13:44.861+0000] {python.py:177} INFO - Done. Returned value was: None
[2024-08-11T12:13:44.891+0000] {taskinstance.py:1406} INFO - Marking task as SUCCESS. dag_id=consumer, task_id=read_from_dataset, execution_date=20240811T121342, start_date=20240811T121344, end_date=20240811T121344
[2024-08-11T12:13:44.971+0000] {local_task_job.py:164} INFO - Task exited with return code 0
[2024-08-11T12:13:45.019+0000] {local_task_job.py:273} INFO - 1 downstream tasks scheduled from follow-on schedule check
