[2024-08-11T12:23:57.292+0000] {taskinstance.py:1165} INFO - Dependencies all met for <TaskInstance: consumer.process_json_data dataset_triggered__2024-08-11T12:22:32.226558+00:00 [queued]>
[2024-08-11T12:23:57.389+0000] {taskinstance.py:1165} INFO - Dependencies all met for <TaskInstance: consumer.process_json_data dataset_triggered__2024-08-11T12:22:32.226558+00:00 [queued]>
[2024-08-11T12:23:57.394+0000] {taskinstance.py:1362} INFO - 
--------------------------------------------------------------------------------
[2024-08-11T12:23:57.395+0000] {taskinstance.py:1363} INFO - Starting attempt 1 of 1
[2024-08-11T12:23:57.396+0000] {taskinstance.py:1364} INFO - 
--------------------------------------------------------------------------------
[2024-08-11T12:23:57.521+0000] {taskinstance.py:1383} INFO - Executing <Task(_PythonDecoratedOperator): process_json_data> on 2024-08-11 12:22:32.226558+00:00
[2024-08-11T12:23:57.569+0000] {standard_task_runner.py:55} INFO - Started process 5343 to run task
[2024-08-11T12:23:57.581+0000] {standard_task_runner.py:82} INFO - Running: ['***', 'tasks', 'run', 'consumer', 'process_json_data', 'dataset_triggered__2024-08-11T12:22:32.226558+00:00', '--job-id', '39', '--raw', '--subdir', 'DAGS_FOLDER/consumer.py', '--cfg-path', '/tmp/tmpfogruxso']
[2024-08-11T12:23:57.596+0000] {standard_task_runner.py:83} INFO - Job 39: Subtask process_json_data
[2024-08-11T12:23:57.923+0000] {task_command.py:376} INFO - Running <TaskInstance: consumer.process_json_data dataset_triggered__2024-08-11T12:22:32.226558+00:00 [running]> on host ac5f4abca0b6
[2024-08-11T12:23:58.268+0000] {taskinstance.py:1592} INFO - Exporting the following env vars:
AIRFLOW_CTX_DAG_OWNER=***
AIRFLOW_CTX_DAG_ID=consumer
AIRFLOW_CTX_TASK_ID=process_json_data
AIRFLOW_CTX_EXECUTION_DATE=2024-08-11T12:22:32.226558+00:00
AIRFLOW_CTX_TRY_NUMBER=1
AIRFLOW_CTX_DAG_RUN_ID=dataset_triggered__2024-08-11T12:22:32.226558+00:00
[2024-08-11T12:23:58.273+0000] {logging_mixin.py:120} INFO - Processing data: {'key': 'value', 'foo': 'bar'}
[2024-08-11T12:23:58.274+0000] {python.py:177} INFO - Done. Returned value was: None
[2024-08-11T12:23:58.297+0000] {taskinstance.py:1406} INFO - Marking task as SUCCESS. dag_id=consumer, task_id=process_json_data, execution_date=20240811T122232, start_date=20240811T122357, end_date=20240811T122358
[2024-08-11T12:23:58.375+0000] {local_task_job.py:164} INFO - Task exited with return code 0
[2024-08-11T12:23:58.407+0000] {local_task_job.py:273} INFO - 0 downstream tasks scheduled from follow-on schedule check
