[2024-08-11T12:13:46.354+0000] {taskinstance.py:1165} INFO - Dependencies all met for <TaskInstance: consumer.read_from_dataset2 dataset_triggered__2024-08-11T12:13:42.240073+00:00 [queued]>
[2024-08-11T12:13:46.369+0000] {taskinstance.py:1165} INFO - Dependencies all met for <TaskInstance: consumer.read_from_dataset2 dataset_triggered__2024-08-11T12:13:42.240073+00:00 [queued]>
[2024-08-11T12:13:46.370+0000] {taskinstance.py:1362} INFO - 
--------------------------------------------------------------------------------
[2024-08-11T12:13:46.370+0000] {taskinstance.py:1363} INFO - Starting attempt 1 of 1
[2024-08-11T12:13:46.371+0000] {taskinstance.py:1364} INFO - 
--------------------------------------------------------------------------------
[2024-08-11T12:13:46.395+0000] {taskinstance.py:1383} INFO - Executing <Task(_PythonDecoratedOperator): read_from_dataset2> on 2024-08-11 12:13:42.240073+00:00
[2024-08-11T12:13:46.403+0000] {standard_task_runner.py:55} INFO - Started process 4849 to run task
[2024-08-11T12:13:46.407+0000] {standard_task_runner.py:82} INFO - Running: ['***', 'tasks', 'run', 'consumer', 'read_from_dataset2', 'dataset_triggered__2024-08-11T12:13:42.240073+00:00', '--job-id', '28', '--raw', '--subdir', 'DAGS_FOLDER/consumer.py', '--cfg-path', '/tmp/tmpbe3juvmq']
[2024-08-11T12:13:46.408+0000] {standard_task_runner.py:83} INFO - Job 28: Subtask read_from_dataset2
[2024-08-11T12:13:46.580+0000] {task_command.py:376} INFO - Running <TaskInstance: consumer.read_from_dataset2 dataset_triggered__2024-08-11T12:13:42.240073+00:00 [running]> on host ac5f4abca0b6
[2024-08-11T12:13:46.720+0000] {taskinstance.py:1592} INFO - Exporting the following env vars:
AIRFLOW_CTX_DAG_OWNER=***
AIRFLOW_CTX_DAG_ID=consumer
AIRFLOW_CTX_TASK_ID=read_from_dataset2
AIRFLOW_CTX_EXECUTION_DATE=2024-08-11T12:13:42.240073+00:00
AIRFLOW_CTX_TRY_NUMBER=1
AIRFLOW_CTX_DAG_RUN_ID=dataset_triggered__2024-08-11T12:13:42.240073+00:00
[2024-08-11T12:13:46.724+0000] {logging_mixin.py:120} INFO - {'key': 'value', 'foo': 'bar'}
[2024-08-11T12:13:46.736+0000] {python.py:177} INFO - Done. Returned value was: None
[2024-08-11T12:13:46.758+0000] {taskinstance.py:1406} INFO - Marking task as SUCCESS. dag_id=consumer, task_id=read_from_dataset2, execution_date=20240811T121342, start_date=20240811T121346, end_date=20240811T121346
[2024-08-11T12:13:46.793+0000] {local_task_job.py:164} INFO - Task exited with return code 0
[2024-08-11T12:13:46.816+0000] {local_task_job.py:273} INFO - 0 downstream tasks scheduled from follow-on schedule check
