[2024-08-11T12:18:40.568+0000] {taskinstance.py:1165} INFO - Dependencies all met for <TaskInstance: producer.update_dataset2 manual__2024-08-11T12:18:38.069961+00:00 [queued]>
[2024-08-11T12:18:40.595+0000] {taskinstance.py:1165} INFO - Dependencies all met for <TaskInstance: producer.update_dataset2 manual__2024-08-11T12:18:38.069961+00:00 [queued]>
[2024-08-11T12:18:40.596+0000] {taskinstance.py:1362} INFO - 
--------------------------------------------------------------------------------
[2024-08-11T12:18:40.597+0000] {taskinstance.py:1363} INFO - Starting attempt 1 of 1
[2024-08-11T12:18:40.597+0000] {taskinstance.py:1364} INFO - 
--------------------------------------------------------------------------------
[2024-08-11T12:18:40.634+0000] {taskinstance.py:1383} INFO - Executing <Task(_PythonDecoratedOperator): update_dataset2> on 2024-08-11 12:18:38.069961+00:00
[2024-08-11T12:18:40.642+0000] {standard_task_runner.py:55} INFO - Started process 5084 to run task
[2024-08-11T12:18:40.648+0000] {standard_task_runner.py:82} INFO - Running: ['***', 'tasks', 'run', 'producer', 'update_dataset2', 'manual__2024-08-11T12:18:38.069961+00:00', '--job-id', '31', '--raw', '--subdir', 'DAGS_FOLDER/producer.py', '--cfg-path', '/tmp/tmp78mwgz9t']
[2024-08-11T12:18:40.651+0000] {standard_task_runner.py:83} INFO - Job 31: Subtask update_dataset2
[2024-08-11T12:18:40.785+0000] {task_command.py:376} INFO - Running <TaskInstance: producer.update_dataset2 manual__2024-08-11T12:18:38.069961+00:00 [running]> on host ac5f4abca0b6
[2024-08-11T12:18:40.942+0000] {taskinstance.py:1592} INFO - Exporting the following env vars:
AIRFLOW_CTX_DAG_OWNER=***
AIRFLOW_CTX_DAG_ID=producer
AIRFLOW_CTX_TASK_ID=update_dataset2
AIRFLOW_CTX_EXECUTION_DATE=2024-08-11T12:18:38.069961+00:00
AIRFLOW_CTX_TRY_NUMBER=1
AIRFLOW_CTX_DAG_RUN_ID=manual__2024-08-11T12:18:38.069961+00:00
[2024-08-11T12:18:40.946+0000] {python.py:177} INFO - Done. Returned value was: None
[2024-08-11T12:18:40.957+0000] {warnings.py:110} WARNING - /home/***/.local/lib/python3.7/site-packages/***/models/baseoperator.py:1390: RemovedInAirflow3Warning: Passing 'execution_date' to 'TaskInstance.xcom_push()' is deprecated.
  context['ti'].xcom_push(key=key, value=value, execution_date=execution_date)

[2024-08-11T12:18:40.992+0000] {taskinstance.py:1406} INFO - Marking task as SUCCESS. dag_id=producer, task_id=update_dataset2, execution_date=20240811T121838, start_date=20240811T121840, end_date=20240811T121840
[2024-08-11T12:18:41.063+0000] {local_task_job.py:164} INFO - Task exited with return code 0
[2024-08-11T12:18:41.082+0000] {local_task_job.py:273} INFO - 0 downstream tasks scheduled from follow-on schedule check
