[2024-08-11T10:38:33.545+0000] {taskinstance.py:1165} INFO - Dependencies all met for <TaskInstance: user_processing.process_user manual__2024-08-11T10:38:21.137067+00:00 [queued]>
[2024-08-11T10:38:33.582+0000] {taskinstance.py:1165} INFO - Dependencies all met for <TaskInstance: user_processing.process_user manual__2024-08-11T10:38:21.137067+00:00 [queued]>
[2024-08-11T10:38:33.583+0000] {taskinstance.py:1362} INFO - 
--------------------------------------------------------------------------------
[2024-08-11T10:38:33.588+0000] {taskinstance.py:1363} INFO - Starting attempt 1 of 1
[2024-08-11T10:38:33.589+0000] {taskinstance.py:1364} INFO - 
--------------------------------------------------------------------------------
[2024-08-11T10:38:33.625+0000] {taskinstance.py:1383} INFO - Executing <Task(PythonOperator): process_user> on 2024-08-11 10:38:21.137067+00:00
[2024-08-11T10:38:33.634+0000] {standard_task_runner.py:55} INFO - Started process 429 to run task
[2024-08-11T10:38:33.643+0000] {standard_task_runner.py:82} INFO - Running: ['***', 'tasks', 'run', 'user_processing', 'process_user', 'manual__2024-08-11T10:38:21.137067+00:00', '--job-id', '20', '--raw', '--subdir', 'DAGS_FOLDER/user_processing.py', '--cfg-path', '/tmp/tmpyvlmjunm']
[2024-08-11T10:38:33.647+0000] {standard_task_runner.py:83} INFO - Job 20: Subtask process_user
[2024-08-11T10:38:33.843+0000] {task_command.py:376} INFO - Running <TaskInstance: user_processing.process_user manual__2024-08-11T10:38:21.137067+00:00 [running]> on host ac5f4abca0b6
[2024-08-11T10:38:34.063+0000] {taskinstance.py:1592} INFO - Exporting the following env vars:
AIRFLOW_CTX_DAG_OWNER=***
AIRFLOW_CTX_DAG_ID=user_processing
AIRFLOW_CTX_TASK_ID=process_user
AIRFLOW_CTX_EXECUTION_DATE=2024-08-11T10:38:21.137067+00:00
AIRFLOW_CTX_TRY_NUMBER=1
AIRFLOW_CTX_DAG_RUN_ID=manual__2024-08-11T10:38:21.137067+00:00
[2024-08-11T10:38:34.121+0000] {python.py:177} INFO - Done. Returned value was: None
[2024-08-11T10:38:34.147+0000] {taskinstance.py:1406} INFO - Marking task as SUCCESS. dag_id=user_processing, task_id=process_user, execution_date=20240811T103821, start_date=20240811T103833, end_date=20240811T103834
[2024-08-11T10:38:34.216+0000] {local_task_job.py:164} INFO - Task exited with return code 0
[2024-08-11T10:38:34.293+0000] {local_task_job.py:273} INFO - 1 downstream tasks scheduled from follow-on schedule check
