[2024-08-11T10:32:42.199+0000] {taskinstance.py:1165} INFO - Dependencies all met for <TaskInstance: user_processing.extract_user scheduled__2024-08-10T00:00:00+00:00 [queued]>
[2024-08-11T10:32:42.242+0000] {taskinstance.py:1165} INFO - Dependencies all met for <TaskInstance: user_processing.extract_user scheduled__2024-08-10T00:00:00+00:00 [queued]>
[2024-08-11T10:32:42.243+0000] {taskinstance.py:1362} INFO - 
--------------------------------------------------------------------------------
[2024-08-11T10:32:42.245+0000] {taskinstance.py:1363} INFO - Starting attempt 1 of 1
[2024-08-11T10:32:42.246+0000] {taskinstance.py:1364} INFO - 
--------------------------------------------------------------------------------
[2024-08-11T10:32:42.296+0000] {taskinstance.py:1383} INFO - Executing <Task(SimpleHttpOperator): extract_user> on 2024-08-10 00:00:00+00:00
[2024-08-11T10:32:42.310+0000] {standard_task_runner.py:55} INFO - Started process 148 to run task
[2024-08-11T10:32:42.319+0000] {standard_task_runner.py:82} INFO - Running: ['***', 'tasks', 'run', 'user_processing', 'extract_user', 'scheduled__2024-08-10T00:00:00+00:00', '--job-id', '14', '--raw', '--subdir', 'DAGS_FOLDER/user_processing.py', '--cfg-path', '/tmp/tmp2jwnx6hc']
[2024-08-11T10:32:42.327+0000] {standard_task_runner.py:83} INFO - Job 14: Subtask extract_user
[2024-08-11T10:32:42.502+0000] {task_command.py:376} INFO - Running <TaskInstance: user_processing.extract_user scheduled__2024-08-10T00:00:00+00:00 [running]> on host ac5f4abca0b6
[2024-08-11T10:32:42.687+0000] {taskinstance.py:1592} INFO - Exporting the following env vars:
AIRFLOW_CTX_DAG_OWNER=***
AIRFLOW_CTX_DAG_ID=user_processing
AIRFLOW_CTX_TASK_ID=extract_user
AIRFLOW_CTX_EXECUTION_DATE=2024-08-10T00:00:00+00:00
AIRFLOW_CTX_TRY_NUMBER=1
AIRFLOW_CTX_DAG_RUN_ID=scheduled__2024-08-10T00:00:00+00:00
[2024-08-11T10:32:42.690+0000] {http.py:121} INFO - Calling HTTP method
[2024-08-11T10:32:42.716+0000] {base.py:71} INFO - Using connection ID 'user_api' for task execution.
[2024-08-11T10:32:42.721+0000] {http.py:148} INFO - Sending 'GET' to url: http://randomuser.me/api/
[2024-08-11T10:32:44.357+0000] {http.py:125} INFO - {"results":[{"gender":"female","name":{"title":"Mrs","first":"Taylor","last":"Cox"},"location":{"street":{"number":8818,"name":"Parker Rd"},"city":"Mesa","state":"North Dakota","country":"United States","postcode":79493,"coordinates":{"latitude":"83.9849","longitude":"169.2008"},"timezone":{"offset":"0:00","description":"Western Europe Time, London, Lisbon, Casablanca"}},"email":"taylor.cox@example.com","login":{"uuid":"e297e98a-c2be-42ff-b3ea-3e12a62a1c3b","username":"purpleelephant918","password":"tomas","salt":"kT5h78Cm","md5":"0c7b950ba4b0579c22b0be196875f88d","sha1":"a576bf91b4bfa31ea5e521dbfe1e3b92d1445013","sha256":"85963f88ea1b46f64c64f1216dfed6045fbf05fa8daab31e1d9fb8bde6d75029"},"dob":{"date":"1948-10-25T01:33:45.474Z","age":75},"registered":{"date":"2004-11-08T02:48:56.779Z","age":19},"phone":"(516) 271-7327","cell":"(947) 599-5793","id":{"name":"SSN","value":"079-79-5105"},"picture":{"large":"https://randomuser.me/api/portraits/women/60.jpg","medium":"https://randomuser.me/api/portraits/med/women/60.jpg","thumbnail":"https://randomuser.me/api/portraits/thumb/women/60.jpg"},"nat":"US"}],"info":{"seed":"fa7424898235e269","results":1,"page":1,"version":"1.4"}}
[2024-08-11T10:32:44.404+0000] {taskinstance.py:1406} INFO - Marking task as SUCCESS. dag_id=user_processing, task_id=extract_user, execution_date=20240810T000000, start_date=20240811T103242, end_date=20240811T103244
[2024-08-11T10:32:44.465+0000] {local_task_job.py:164} INFO - Task exited with return code 0
[2024-08-11T10:32:44.513+0000] {local_task_job.py:273} INFO - 1 downstream tasks scheduled from follow-on schedule check
