[2024-08-10T14:01:34.951+0000] {taskinstance.py:1165} INFO - Dependencies all met for <TaskInstance: example_bash_operator.this_will_skip scheduled__2024-08-09T00:00:00+00:00 [queued]>
[2024-08-10T14:01:34.966+0000] {taskinstance.py:1165} INFO - Dependencies all met for <TaskInstance: example_bash_operator.this_will_skip scheduled__2024-08-09T00:00:00+00:00 [queued]>
[2024-08-10T14:01:34.967+0000] {taskinstance.py:1362} INFO - 
--------------------------------------------------------------------------------
[2024-08-10T14:01:34.968+0000] {taskinstance.py:1363} INFO - Starting attempt 1 of 1
[2024-08-10T14:01:34.969+0000] {taskinstance.py:1364} INFO - 
--------------------------------------------------------------------------------
[2024-08-10T14:01:35.016+0000] {taskinstance.py:1383} INFO - Executing <Task(BashOperator): this_will_skip> on 2024-08-09 00:00:00+00:00
[2024-08-10T14:01:35.025+0000] {standard_task_runner.py:55} INFO - Started process 736 to run task
[2024-08-10T14:01:35.030+0000] {standard_task_runner.py:82} INFO - Running: ['***', 'tasks', 'run', 'example_bash_operator', 'this_will_skip', 'scheduled__2024-08-09T00:00:00+00:00', '--job-id', '5', '--raw', '--subdir', '/home/***/.local/lib/python3.7/site-packages/***/example_dags/example_bash_operator.py', '--cfg-path', '/tmp/tmp3adtwhjx']
[2024-08-10T14:01:35.031+0000] {standard_task_runner.py:83} INFO - Job 5: Subtask this_will_skip
[2024-08-10T14:01:35.147+0000] {task_command.py:376} INFO - Running <TaskInstance: example_bash_operator.this_will_skip scheduled__2024-08-09T00:00:00+00:00 [running]> on host ac5f4abca0b6
[2024-08-10T14:01:35.267+0000] {taskinstance.py:1592} INFO - Exporting the following env vars:
AIRFLOW_CTX_DAG_OWNER=***
AIRFLOW_CTX_DAG_ID=example_bash_operator
AIRFLOW_CTX_TASK_ID=this_will_skip
AIRFLOW_CTX_EXECUTION_DATE=2024-08-09T00:00:00+00:00
AIRFLOW_CTX_TRY_NUMBER=1
AIRFLOW_CTX_DAG_RUN_ID=scheduled__2024-08-09T00:00:00+00:00
[2024-08-10T14:01:35.271+0000] {subprocess.py:63} INFO - Tmp dir root location: 
 /tmp
[2024-08-10T14:01:35.273+0000] {subprocess.py:75} INFO - Running command: ['/bin/bash', '-c', 'echo "hello world"; exit 99;']
[2024-08-10T14:01:35.290+0000] {subprocess.py:86} INFO - Output:
[2024-08-10T14:01:35.295+0000] {subprocess.py:93} INFO - hello world
[2024-08-10T14:01:35.296+0000] {subprocess.py:97} INFO - Command exited with return code 99
[2024-08-10T14:01:35.297+0000] {taskinstance.py:1481} INFO - Bash command returned exit code 99. Skipping.
[2024-08-10T14:01:35.314+0000] {taskinstance.py:1406} INFO - Marking task as SKIPPED. dag_id=example_bash_operator, task_id=this_will_skip, execution_date=20240809T000000, start_date=20240810T140134, end_date=20240810T140135
[2024-08-10T14:01:35.364+0000] {local_task_job.py:164} INFO - Task exited with return code 0
[2024-08-10T14:01:35.418+0000] {local_task_job.py:273} INFO - 0 downstream tasks scheduled from follow-on schedule check
