[2024-08-11T13:06:51.786+0000] {taskinstance.py:1165} INFO - Dependencies all met for <TaskInstance: parallel_dag.transform scheduled__2024-08-10T00:00:00+00:00 [queued]>
[2024-08-11T13:06:51.808+0000] {taskinstance.py:1165} INFO - Dependencies all met for <TaskInstance: parallel_dag.transform scheduled__2024-08-10T00:00:00+00:00 [queued]>
[2024-08-11T13:06:51.809+0000] {taskinstance.py:1362} INFO - 
--------------------------------------------------------------------------------
[2024-08-11T13:06:51.809+0000] {taskinstance.py:1363} INFO - Starting attempt 1 of 1
[2024-08-11T13:06:51.810+0000] {taskinstance.py:1364} INFO - 
--------------------------------------------------------------------------------
[2024-08-11T13:06:51.849+0000] {taskinstance.py:1383} INFO - Executing <Task(BashOperator): transform> on 2024-08-10 00:00:00+00:00
[2024-08-11T13:06:51.866+0000] {standard_task_runner.py:55} INFO - Started process 90 to run task
[2024-08-11T13:06:51.875+0000] {standard_task_runner.py:82} INFO - Running: ['***', 'tasks', 'run', 'parallel_dag', 'transform', 'scheduled__2024-08-10T00:00:00+00:00', '--job-id', '57', '--raw', '--subdir', 'DAGS_FOLDER/parallel_dag.py', '--cfg-path', '/tmp/tmp6vlbj7d3']
[2024-08-11T13:06:51.884+0000] {standard_task_runner.py:83} INFO - Job 57: Subtask transform
[2024-08-11T13:06:52.056+0000] {task_command.py:376} INFO - Running <TaskInstance: parallel_dag.transform scheduled__2024-08-10T00:00:00+00:00 [running]> on host ac5f4abca0b6
[2024-08-11T13:06:52.201+0000] {taskinstance.py:1592} INFO - Exporting the following env vars:
AIRFLOW_CTX_DAG_OWNER=***
AIRFLOW_CTX_DAG_ID=parallel_dag
AIRFLOW_CTX_TASK_ID=transform
AIRFLOW_CTX_EXECUTION_DATE=2024-08-10T00:00:00+00:00
AIRFLOW_CTX_TRY_NUMBER=1
AIRFLOW_CTX_DAG_RUN_ID=scheduled__2024-08-10T00:00:00+00:00
[2024-08-11T13:06:52.206+0000] {subprocess.py:63} INFO - Tmp dir root location: 
 /tmp
[2024-08-11T13:06:52.207+0000] {subprocess.py:75} INFO - Running command: ['/bin/bash', '-c', 'sleep 1']
[2024-08-11T13:06:52.226+0000] {subprocess.py:86} INFO - Output:
[2024-08-11T13:06:53.229+0000] {subprocess.py:97} INFO - Command exited with return code 0
[2024-08-11T13:06:53.297+0000] {taskinstance.py:1406} INFO - Marking task as SUCCESS. dag_id=parallel_dag, task_id=transform, execution_date=20240810T000000, start_date=20240811T130651, end_date=20240811T130653
[2024-08-11T13:06:53.417+0000] {local_task_job.py:164} INFO - Task exited with return code 0
[2024-08-11T13:06:53.555+0000] {local_task_job.py:273} INFO - 0 downstream tasks scheduled from follow-on schedule check
