[2024-08-11T10:38:23.208+0000] {taskinstance.py:1165} INFO - Dependencies all met for <TaskInstance: user_processing.create_table manual__2024-08-11T10:38:21.137067+00:00 [queued]>
[2024-08-11T10:38:23.240+0000] {taskinstance.py:1165} INFO - Dependencies all met for <TaskInstance: user_processing.create_table manual__2024-08-11T10:38:21.137067+00:00 [queued]>
[2024-08-11T10:38:23.241+0000] {taskinstance.py:1362} INFO - 
--------------------------------------------------------------------------------
[2024-08-11T10:38:23.243+0000] {taskinstance.py:1363} INFO - Starting attempt 1 of 1
[2024-08-11T10:38:23.244+0000] {taskinstance.py:1364} INFO - 
--------------------------------------------------------------------------------
[2024-08-11T10:38:23.295+0000] {taskinstance.py:1383} INFO - Executing <Task(PostgresOperator): create_table> on 2024-08-11 10:38:21.137067+00:00
[2024-08-11T10:38:23.310+0000] {standard_task_runner.py:55} INFO - Started process 411 to run task
[2024-08-11T10:38:23.318+0000] {standard_task_runner.py:82} INFO - Running: ['***', 'tasks', 'run', 'user_processing', 'create_table', 'manual__2024-08-11T10:38:21.137067+00:00', '--job-id', '17', '--raw', '--subdir', 'DAGS_FOLDER/user_processing.py', '--cfg-path', '/tmp/tmpgg00im5x']
[2024-08-11T10:38:23.324+0000] {standard_task_runner.py:83} INFO - Job 17: Subtask create_table
[2024-08-11T10:38:23.511+0000] {task_command.py:376} INFO - Running <TaskInstance: user_processing.create_table manual__2024-08-11T10:38:21.137067+00:00 [running]> on host ac5f4abca0b6
[2024-08-11T10:38:23.738+0000] {taskinstance.py:1592} INFO - Exporting the following env vars:
AIRFLOW_CTX_DAG_OWNER=***
AIRFLOW_CTX_DAG_ID=user_processing
AIRFLOW_CTX_TASK_ID=create_table
AIRFLOW_CTX_EXECUTION_DATE=2024-08-11T10:38:21.137067+00:00
AIRFLOW_CTX_TRY_NUMBER=1
AIRFLOW_CTX_DAG_RUN_ID=manual__2024-08-11T10:38:21.137067+00:00
[2024-08-11T10:38:23.758+0000] {base.py:71} INFO - Using connection ID 'postgres' for task execution.
[2024-08-11T10:38:23.764+0000] {sql.py:315} INFO - Running statement: 
            CREATE TABLE IF NOT EXISTS users (
                firstname TEXT NOT NULL,
                lastname TEXT NOT NULL,
                country TEXT NOT NULL,
                username TEXT NOT NULL,
                password TEXT NOT NULL,
                email TEXT NOT NULL
            );
        , parameters: None
[2024-08-11T10:38:23.766+0000] {postgres.py:96} INFO - NOTICE:  relation "users" already exists, skipping

[2024-08-11T10:38:23.788+0000] {taskinstance.py:1406} INFO - Marking task as SUCCESS. dag_id=user_processing, task_id=create_table, execution_date=20240811T103821, start_date=20240811T103823, end_date=20240811T103823
[2024-08-11T10:38:23.852+0000] {local_task_job.py:164} INFO - Task exited with return code 0
[2024-08-11T10:38:23.940+0000] {local_task_job.py:273} INFO - 1 downstream tasks scheduled from follow-on schedule check
