[2024-08-11T13:41:44.292+0000] {taskinstance.py:1165} INFO - Dependencies all met for <TaskInstance: parallel_dag.extract_a manual__2024-08-11T13:41:42.083250+00:00 [queued]>
[2024-08-11T13:41:44.313+0000] {taskinstance.py:1165} INFO - Dependencies all met for <TaskInstance: parallel_dag.extract_a manual__2024-08-11T13:41:42.083250+00:00 [queued]>
[2024-08-11T13:41:44.314+0000] {taskinstance.py:1362} INFO - 
--------------------------------------------------------------------------------
[2024-08-11T13:41:44.315+0000] {taskinstance.py:1363} INFO - Starting attempt 1 of 1
[2024-08-11T13:41:44.316+0000] {taskinstance.py:1364} INFO - 
--------------------------------------------------------------------------------
[2024-08-11T13:41:44.365+0000] {taskinstance.py:1383} INFO - Executing <Task(BashOperator): extract_a> on 2024-08-11 13:41:42.083250+00:00
[2024-08-11T13:41:44.383+0000] {standard_task_runner.py:55} INFO - Started process 307 to run task
[2024-08-11T13:41:44.413+0000] {standard_task_runner.py:82} INFO - Running: ['***', 'tasks', 'run', 'parallel_dag', 'extract_a', 'manual__2024-08-11T13:41:42.083250+00:00', '--job-id', '79', '--raw', '--subdir', 'DAGS_FOLDER/parallel_dag.py', '--cfg-path', '/tmp/tmpgk7enmaz']
[2024-08-11T13:41:44.420+0000] {standard_task_runner.py:83} INFO - Job 79: Subtask extract_a
[2024-08-11T13:41:44.663+0000] {task_command.py:376} INFO - Running <TaskInstance: parallel_dag.extract_a manual__2024-08-11T13:41:42.083250+00:00 [running]> on host e087b5639ddf
[2024-08-11T13:41:45.019+0000] {taskinstance.py:1592} INFO - Exporting the following env vars:
AIRFLOW_CTX_DAG_OWNER=***
AIRFLOW_CTX_DAG_ID=parallel_dag
AIRFLOW_CTX_TASK_ID=extract_a
AIRFLOW_CTX_EXECUTION_DATE=2024-08-11T13:41:42.083250+00:00
AIRFLOW_CTX_TRY_NUMBER=1
AIRFLOW_CTX_DAG_RUN_ID=manual__2024-08-11T13:41:42.083250+00:00
[2024-08-11T13:41:45.028+0000] {subprocess.py:63} INFO - Tmp dir root location: 
 /tmp
[2024-08-11T13:41:45.032+0000] {subprocess.py:75} INFO - Running command: ['/bin/bash', '-c', 'sleep 1']
[2024-08-11T13:41:45.078+0000] {subprocess.py:86} INFO - Output:
[2024-08-11T13:41:46.143+0000] {subprocess.py:97} INFO - Command exited with return code 0
[2024-08-11T13:41:46.226+0000] {taskinstance.py:1406} INFO - Marking task as SUCCESS. dag_id=parallel_dag, task_id=extract_a, execution_date=20240811T134142, start_date=20240811T134144, end_date=20240811T134146
[2024-08-11T13:41:46.336+0000] {local_task_job.py:164} INFO - Task exited with return code 0
[2024-08-11T13:41:46.560+0000] {local_task_job.py:273} INFO - 0 downstream tasks scheduled from follow-on schedule check
