[2024-08-10T14:01:34.951+0000] {taskinstance.py:1165} INFO - Dependencies all met for <TaskInstance: example_bash_operator.runme_1 scheduled__2024-08-09T00:00:00+00:00 [queued]>
[2024-08-10T14:01:34.965+0000] {taskinstance.py:1165} INFO - Dependencies all met for <TaskInstance: example_bash_operator.runme_1 scheduled__2024-08-09T00:00:00+00:00 [queued]>
[2024-08-10T14:01:34.966+0000] {taskinstance.py:1362} INFO - 
--------------------------------------------------------------------------------
[2024-08-10T14:01:34.967+0000] {taskinstance.py:1363} INFO - Starting attempt 1 of 1
[2024-08-10T14:01:34.967+0000] {taskinstance.py:1364} INFO - 
--------------------------------------------------------------------------------
[2024-08-10T14:01:34.997+0000] {taskinstance.py:1383} INFO - Executing <Task(BashOperator): runme_1> on 2024-08-09 00:00:00+00:00
[2024-08-10T14:01:35.004+0000] {standard_task_runner.py:55} INFO - Started process 734 to run task
[2024-08-10T14:01:35.010+0000] {standard_task_runner.py:82} INFO - Running: ['***', 'tasks', 'run', 'example_bash_operator', 'runme_1', 'scheduled__2024-08-09T00:00:00+00:00', '--job-id', '3', '--raw', '--subdir', '/home/***/.local/lib/python3.7/site-packages/***/example_dags/example_bash_operator.py', '--cfg-path', '/tmp/tmpjmod5d5a']
[2024-08-10T14:01:35.011+0000] {standard_task_runner.py:83} INFO - Job 3: Subtask runme_1
[2024-08-10T14:01:35.128+0000] {task_command.py:376} INFO - Running <TaskInstance: example_bash_operator.runme_1 scheduled__2024-08-09T00:00:00+00:00 [running]> on host ac5f4abca0b6
[2024-08-10T14:01:35.236+0000] {taskinstance.py:1592} INFO - Exporting the following env vars:
AIRFLOW_CTX_DAG_OWNER=***
AIRFLOW_CTX_DAG_ID=example_bash_operator
AIRFLOW_CTX_TASK_ID=runme_1
AIRFLOW_CTX_EXECUTION_DATE=2024-08-09T00:00:00+00:00
AIRFLOW_CTX_TRY_NUMBER=1
AIRFLOW_CTX_DAG_RUN_ID=scheduled__2024-08-09T00:00:00+00:00
[2024-08-10T14:01:35.242+0000] {subprocess.py:63} INFO - Tmp dir root location: 
 /tmp
[2024-08-10T14:01:35.243+0000] {subprocess.py:75} INFO - Running command: ['/bin/bash', '-c', 'echo "example_bash_operator__runme_1__20240809" && sleep 1']
[2024-08-10T14:01:35.260+0000] {subprocess.py:86} INFO - Output:
[2024-08-10T14:01:35.264+0000] {subprocess.py:93} INFO - example_bash_operator__runme_1__20240809
[2024-08-10T14:01:36.268+0000] {subprocess.py:97} INFO - Command exited with return code 0
[2024-08-10T14:01:36.327+0000] {taskinstance.py:1406} INFO - Marking task as SUCCESS. dag_id=example_bash_operator, task_id=runme_1, execution_date=20240809T000000, start_date=20240810T140134, end_date=20240810T140136
[2024-08-10T14:01:36.396+0000] {local_task_job.py:164} INFO - Task exited with return code 0
[2024-08-10T14:01:36.497+0000] {local_task_job.py:273} INFO - 0 downstream tasks scheduled from follow-on schedule check
