[2024-08-11T13:17:38.594+0000] {taskinstance.py:1165} INFO - Dependencies all met for <TaskInstance: parallel_dag.load_a manual__2024-08-11T13:17:35.956687+00:00 [queued]>
[2024-08-11T13:17:38.627+0000] {taskinstance.py:1165} INFO - Dependencies all met for <TaskInstance: parallel_dag.load_a manual__2024-08-11T13:17:35.956687+00:00 [queued]>
[2024-08-11T13:17:38.630+0000] {taskinstance.py:1362} INFO - 
--------------------------------------------------------------------------------
[2024-08-11T13:17:38.631+0000] {taskinstance.py:1363} INFO - Starting attempt 1 of 1
[2024-08-11T13:17:38.632+0000] {taskinstance.py:1364} INFO - 
--------------------------------------------------------------------------------
[2024-08-11T13:17:38.751+0000] {taskinstance.py:1383} INFO - Executing <Task(BashOperator): load_a> on 2024-08-11 13:17:35.956687+00:00
[2024-08-11T13:17:38.768+0000] {standard_task_runner.py:55} INFO - Started process 206 to run task
[2024-08-11T13:17:38.786+0000] {standard_task_runner.py:82} INFO - Running: ['***', 'tasks', 'run', 'parallel_dag', 'load_a', 'manual__2024-08-11T13:17:35.956687+00:00', '--job-id', '65', '--raw', '--subdir', 'DAGS_FOLDER/parallel_dag.py', '--cfg-path', '/tmp/tmp_3blh46g']
[2024-08-11T13:17:38.802+0000] {standard_task_runner.py:83} INFO - Job 65: Subtask load_a
[2024-08-11T13:17:39.135+0000] {task_command.py:376} INFO - Running <TaskInstance: parallel_dag.load_a manual__2024-08-11T13:17:35.956687+00:00 [running]> on host d99c6f751554
[2024-08-11T13:17:39.335+0000] {taskinstance.py:1592} INFO - Exporting the following env vars:
AIRFLOW_CTX_DAG_OWNER=***
AIRFLOW_CTX_DAG_ID=parallel_dag
AIRFLOW_CTX_TASK_ID=load_a
AIRFLOW_CTX_EXECUTION_DATE=2024-08-11T13:17:35.956687+00:00
AIRFLOW_CTX_TRY_NUMBER=1
AIRFLOW_CTX_DAG_RUN_ID=manual__2024-08-11T13:17:35.956687+00:00
[2024-08-11T13:17:39.336+0000] {subprocess.py:63} INFO - Tmp dir root location: 
 /tmp
[2024-08-11T13:17:39.337+0000] {subprocess.py:75} INFO - Running command: ['/bin/bash', '-c', 'sleep 1']
[2024-08-11T13:17:39.353+0000] {subprocess.py:86} INFO - Output:
[2024-08-11T13:17:40.361+0000] {subprocess.py:97} INFO - Command exited with return code 0
[2024-08-11T13:17:40.433+0000] {taskinstance.py:1406} INFO - Marking task as SUCCESS. dag_id=parallel_dag, task_id=load_a, execution_date=20240811T131735, start_date=20240811T131738, end_date=20240811T131740
[2024-08-11T13:17:40.583+0000] {local_task_job.py:164} INFO - Task exited with return code 0
[2024-08-11T13:17:40.744+0000] {local_task_job.py:273} INFO - 0 downstream tasks scheduled from follow-on schedule check
