[2024-08-11T12:06:17.836+0000] {taskinstance.py:1165} INFO - Dependencies all met for <TaskInstance: producer.update_dataset manual__2024-08-11T12:06:16.255063+00:00 [queued]>
[2024-08-11T12:06:17.849+0000] {taskinstance.py:1165} INFO - Dependencies all met for <TaskInstance: producer.update_dataset manual__2024-08-11T12:06:16.255063+00:00 [queued]>
[2024-08-11T12:06:17.850+0000] {taskinstance.py:1362} INFO - 
--------------------------------------------------------------------------------
[2024-08-11T12:06:17.850+0000] {taskinstance.py:1363} INFO - Starting attempt 1 of 1
[2024-08-11T12:06:17.851+0000] {taskinstance.py:1364} INFO - 
--------------------------------------------------------------------------------
[2024-08-11T12:06:17.867+0000] {taskinstance.py:1383} INFO - Executing <Task(_PythonDecoratedOperator): update_dataset> on 2024-08-11 12:06:16.255063+00:00
[2024-08-11T12:06:17.874+0000] {standard_task_runner.py:55} INFO - Started process 4494 to run task
[2024-08-11T12:06:17.878+0000] {standard_task_runner.py:82} INFO - Running: ['***', 'tasks', 'run', 'producer', 'update_dataset', 'manual__2024-08-11T12:06:16.255063+00:00', '--job-id', '22', '--raw', '--subdir', 'DAGS_FOLDER/producer.py', '--cfg-path', '/tmp/tmpguy982zf']
[2024-08-11T12:06:17.879+0000] {standard_task_runner.py:83} INFO - Job 22: Subtask update_dataset
[2024-08-11T12:06:17.944+0000] {task_command.py:376} INFO - Running <TaskInstance: producer.update_dataset manual__2024-08-11T12:06:16.255063+00:00 [running]> on host ac5f4abca0b6
[2024-08-11T12:06:18.014+0000] {taskinstance.py:1592} INFO - Exporting the following env vars:
AIRFLOW_CTX_DAG_OWNER=***
AIRFLOW_CTX_DAG_ID=producer
AIRFLOW_CTX_TASK_ID=update_dataset
AIRFLOW_CTX_EXECUTION_DATE=2024-08-11T12:06:16.255063+00:00
AIRFLOW_CTX_TRY_NUMBER=1
AIRFLOW_CTX_DAG_RUN_ID=manual__2024-08-11T12:06:16.255063+00:00
[2024-08-11T12:06:18.016+0000] {python.py:177} INFO - Done. Returned value was: None
[2024-08-11T12:06:18.020+0000] {warnings.py:110} WARNING - /home/***/.local/lib/python3.7/site-packages/***/models/baseoperator.py:1390: RemovedInAirflow3Warning: Passing 'execution_date' to 'TaskInstance.xcom_push()' is deprecated.
  context['ti'].xcom_push(key=key, value=value, execution_date=execution_date)

[2024-08-11T12:06:18.042+0000] {taskinstance.py:1406} INFO - Marking task as SUCCESS. dag_id=producer, task_id=update_dataset, execution_date=20240811T120616, start_date=20240811T120617, end_date=20240811T120618
[2024-08-11T12:06:18.092+0000] {local_task_job.py:164} INFO - Task exited with return code 0
[2024-08-11T12:06:18.111+0000] {local_task_job.py:273} INFO - 0 downstream tasks scheduled from follow-on schedule check
