[2024-08-11T13:06:51.757+0000] {taskinstance.py:1165} INFO - Dependencies all met for <TaskInstance: parallel_dag.extract_b scheduled__2024-08-10T00:00:00+00:00 [queued]>
[2024-08-11T13:06:51.779+0000] {taskinstance.py:1165} INFO - Dependencies all met for <TaskInstance: parallel_dag.extract_b scheduled__2024-08-10T00:00:00+00:00 [queued]>
[2024-08-11T13:06:51.780+0000] {taskinstance.py:1362} INFO - 
--------------------------------------------------------------------------------
[2024-08-11T13:06:51.781+0000] {taskinstance.py:1363} INFO - Starting attempt 1 of 1
[2024-08-11T13:06:51.783+0000] {taskinstance.py:1364} INFO - 
--------------------------------------------------------------------------------
[2024-08-11T13:06:51.815+0000] {taskinstance.py:1383} INFO - Executing <Task(BashOperator): extract_b> on 2024-08-10 00:00:00+00:00
[2024-08-11T13:06:51.827+0000] {standard_task_runner.py:55} INFO - Started process 87 to run task
[2024-08-11T13:06:51.835+0000] {standard_task_runner.py:82} INFO - Running: ['***', 'tasks', 'run', 'parallel_dag', 'extract_b', 'scheduled__2024-08-10T00:00:00+00:00', '--job-id', '54', '--raw', '--subdir', 'DAGS_FOLDER/parallel_dag.py', '--cfg-path', '/tmp/tmpayohnwte']
[2024-08-11T13:06:51.836+0000] {standard_task_runner.py:83} INFO - Job 54: Subtask extract_b
[2024-08-11T13:06:52.013+0000] {task_command.py:376} INFO - Running <TaskInstance: parallel_dag.extract_b scheduled__2024-08-10T00:00:00+00:00 [running]> on host ac5f4abca0b6
[2024-08-11T13:06:52.179+0000] {taskinstance.py:1592} INFO - Exporting the following env vars:
AIRFLOW_CTX_DAG_OWNER=***
AIRFLOW_CTX_DAG_ID=parallel_dag
AIRFLOW_CTX_TASK_ID=extract_b
AIRFLOW_CTX_EXECUTION_DATE=2024-08-10T00:00:00+00:00
AIRFLOW_CTX_TRY_NUMBER=1
AIRFLOW_CTX_DAG_RUN_ID=scheduled__2024-08-10T00:00:00+00:00
[2024-08-11T13:06:52.180+0000] {subprocess.py:63} INFO - Tmp dir root location: 
 /tmp
[2024-08-11T13:06:52.181+0000] {subprocess.py:75} INFO - Running command: ['/bin/bash', '-c', 'sleep 1']
[2024-08-11T13:06:52.205+0000] {subprocess.py:86} INFO - Output:
[2024-08-11T13:06:53.207+0000] {subprocess.py:97} INFO - Command exited with return code 0
[2024-08-11T13:06:53.288+0000] {taskinstance.py:1406} INFO - Marking task as SUCCESS. dag_id=parallel_dag, task_id=extract_b, execution_date=20240810T000000, start_date=20240811T130651, end_date=20240811T130653
[2024-08-11T13:06:53.375+0000] {local_task_job.py:164} INFO - Task exited with return code 0
[2024-08-11T13:06:53.467+0000] {local_task_job.py:273} INFO - 0 downstream tasks scheduled from follow-on schedule check
