[2024-08-10T14:01:34.949+0000] {taskinstance.py:1165} INFO - Dependencies all met for <TaskInstance: example_bash_operator.runme_2 scheduled__2024-08-09T00:00:00+00:00 [queued]>
[2024-08-10T14:01:34.961+0000] {taskinstance.py:1165} INFO - Dependencies all met for <TaskInstance: example_bash_operator.runme_2 scheduled__2024-08-09T00:00:00+00:00 [queued]>
[2024-08-10T14:01:34.961+0000] {taskinstance.py:1362} INFO - 
--------------------------------------------------------------------------------
[2024-08-10T14:01:34.962+0000] {taskinstance.py:1363} INFO - Starting attempt 1 of 1
[2024-08-10T14:01:34.962+0000] {taskinstance.py:1364} INFO - 
--------------------------------------------------------------------------------
[2024-08-10T14:01:34.981+0000] {taskinstance.py:1383} INFO - Executing <Task(BashOperator): runme_2> on 2024-08-09 00:00:00+00:00
[2024-08-10T14:01:34.988+0000] {standard_task_runner.py:55} INFO - Started process 732 to run task
[2024-08-10T14:01:34.993+0000] {standard_task_runner.py:82} INFO - Running: ['***', 'tasks', 'run', 'example_bash_operator', 'runme_2', 'scheduled__2024-08-09T00:00:00+00:00', '--job-id', '7', '--raw', '--subdir', '/home/***/.local/lib/python3.7/site-packages/***/example_dags/example_bash_operator.py', '--cfg-path', '/tmp/tmpddl2tfuk']
[2024-08-10T14:01:34.994+0000] {standard_task_runner.py:83} INFO - Job 7: Subtask runme_2
[2024-08-10T14:01:35.104+0000] {task_command.py:376} INFO - Running <TaskInstance: example_bash_operator.runme_2 scheduled__2024-08-09T00:00:00+00:00 [running]> on host ac5f4abca0b6
[2024-08-10T14:01:35.230+0000] {taskinstance.py:1592} INFO - Exporting the following env vars:
AIRFLOW_CTX_DAG_OWNER=***
AIRFLOW_CTX_DAG_ID=example_bash_operator
AIRFLOW_CTX_TASK_ID=runme_2
AIRFLOW_CTX_EXECUTION_DATE=2024-08-09T00:00:00+00:00
AIRFLOW_CTX_TRY_NUMBER=1
AIRFLOW_CTX_DAG_RUN_ID=scheduled__2024-08-09T00:00:00+00:00
[2024-08-10T14:01:35.234+0000] {subprocess.py:63} INFO - Tmp dir root location: 
 /tmp
[2024-08-10T14:01:35.236+0000] {subprocess.py:75} INFO - Running command: ['/bin/bash', '-c', 'echo "example_bash_operator__runme_2__20240809" && sleep 1']
[2024-08-10T14:01:35.254+0000] {subprocess.py:86} INFO - Output:
[2024-08-10T14:01:35.258+0000] {subprocess.py:93} INFO - example_bash_operator__runme_2__20240809
[2024-08-10T14:01:36.265+0000] {subprocess.py:97} INFO - Command exited with return code 0
[2024-08-10T14:01:36.318+0000] {taskinstance.py:1406} INFO - Marking task as SUCCESS. dag_id=example_bash_operator, task_id=runme_2, execution_date=20240809T000000, start_date=20240810T140134, end_date=20240810T140136
[2024-08-10T14:01:36.373+0000] {local_task_job.py:164} INFO - Task exited with return code 0
[2024-08-10T14:01:36.417+0000] {local_task_job.py:273} INFO - 1 downstream tasks scheduled from follow-on schedule check
