[2024-08-11T10:38:35.787+0000] {taskinstance.py:1165} INFO - Dependencies all met for <TaskInstance: user_processing.store_user manual__2024-08-11T10:38:21.137067+00:00 [queued]>
[2024-08-11T10:38:35.809+0000] {taskinstance.py:1165} INFO - Dependencies all met for <TaskInstance: user_processing.store_user manual__2024-08-11T10:38:21.137067+00:00 [queued]>
[2024-08-11T10:38:35.810+0000] {taskinstance.py:1362} INFO - 
--------------------------------------------------------------------------------
[2024-08-11T10:38:35.811+0000] {taskinstance.py:1363} INFO - Starting attempt 1 of 1
[2024-08-11T10:38:35.811+0000] {taskinstance.py:1364} INFO - 
--------------------------------------------------------------------------------
[2024-08-11T10:38:35.840+0000] {taskinstance.py:1383} INFO - Executing <Task(PythonOperator): store_user> on 2024-08-11 10:38:21.137067+00:00
[2024-08-11T10:38:35.852+0000] {standard_task_runner.py:55} INFO - Started process 432 to run task
[2024-08-11T10:38:35.860+0000] {standard_task_runner.py:82} INFO - Running: ['***', 'tasks', 'run', 'user_processing', 'store_user', 'manual__2024-08-11T10:38:21.137067+00:00', '--job-id', '21', '--raw', '--subdir', 'DAGS_FOLDER/user_processing.py', '--cfg-path', '/tmp/tmp4q69clc0']
[2024-08-11T10:38:35.863+0000] {standard_task_runner.py:83} INFO - Job 21: Subtask store_user
[2024-08-11T10:38:35.990+0000] {task_command.py:376} INFO - Running <TaskInstance: user_processing.store_user manual__2024-08-11T10:38:21.137067+00:00 [running]> on host ac5f4abca0b6
[2024-08-11T10:38:36.116+0000] {taskinstance.py:1592} INFO - Exporting the following env vars:
AIRFLOW_CTX_DAG_OWNER=***
AIRFLOW_CTX_DAG_ID=user_processing
AIRFLOW_CTX_TASK_ID=store_user
AIRFLOW_CTX_EXECUTION_DATE=2024-08-11T10:38:21.137067+00:00
AIRFLOW_CTX_TRY_NUMBER=1
AIRFLOW_CTX_DAG_RUN_ID=manual__2024-08-11T10:38:21.137067+00:00
[2024-08-11T10:38:36.124+0000] {postgres.py:129} INFO - Running copy expert: COPY users from stdin with DELIMITER as ',', filename: /tmp/processed_user.csv
[2024-08-11T10:38:36.140+0000] {base.py:71} INFO - Using connection ID 'postgres' for task execution.
[2024-08-11T10:38:36.149+0000] {python.py:177} INFO - Done. Returned value was: None
[2024-08-11T10:38:36.165+0000] {taskinstance.py:1406} INFO - Marking task as SUCCESS. dag_id=user_processing, task_id=store_user, execution_date=20240811T103821, start_date=20240811T103835, end_date=20240811T103836
[2024-08-11T10:38:36.234+0000] {local_task_job.py:164} INFO - Task exited with return code 0
[2024-08-11T10:38:36.289+0000] {local_task_job.py:273} INFO - 0 downstream tasks scheduled from follow-on schedule check
