[2024-08-11T12:13:43.732+0000] {taskinstance.py:1165} INFO - Dependencies all met for <TaskInstance: producer.update_dataset2 manual__2024-08-11T12:13:40.614382+00:00 [queued]>
[2024-08-11T12:13:43.750+0000] {taskinstance.py:1165} INFO - Dependencies all met for <TaskInstance: producer.update_dataset2 manual__2024-08-11T12:13:40.614382+00:00 [queued]>
[2024-08-11T12:13:43.751+0000] {taskinstance.py:1362} INFO - 
--------------------------------------------------------------------------------
[2024-08-11T12:13:43.753+0000] {taskinstance.py:1363} INFO - Starting attempt 1 of 1
[2024-08-11T12:13:43.753+0000] {taskinstance.py:1364} INFO - 
--------------------------------------------------------------------------------
[2024-08-11T12:13:43.789+0000] {taskinstance.py:1383} INFO - Executing <Task(_PythonDecoratedOperator): update_dataset2> on 2024-08-11 12:13:40.614382+00:00
[2024-08-11T12:13:43.835+0000] {standard_task_runner.py:55} INFO - Started process 4846 to run task
[2024-08-11T12:13:43.866+0000] {standard_task_runner.py:82} INFO - Running: ['***', 'tasks', 'run', 'producer', 'update_dataset2', 'manual__2024-08-11T12:13:40.614382+00:00', '--job-id', '26', '--raw', '--subdir', 'DAGS_FOLDER/producer.py', '--cfg-path', '/tmp/tmp3fxdapok']
[2024-08-11T12:13:43.876+0000] {standard_task_runner.py:83} INFO - Job 26: Subtask update_dataset2
[2024-08-11T12:13:44.231+0000] {task_command.py:376} INFO - Running <TaskInstance: producer.update_dataset2 manual__2024-08-11T12:13:40.614382+00:00 [running]> on host ac5f4abca0b6
[2024-08-11T12:13:44.487+0000] {taskinstance.py:1592} INFO - Exporting the following env vars:
AIRFLOW_CTX_DAG_OWNER=***
AIRFLOW_CTX_DAG_ID=producer
AIRFLOW_CTX_TASK_ID=update_dataset2
AIRFLOW_CTX_EXECUTION_DATE=2024-08-11T12:13:40.614382+00:00
AIRFLOW_CTX_TRY_NUMBER=1
AIRFLOW_CTX_DAG_RUN_ID=manual__2024-08-11T12:13:40.614382+00:00
[2024-08-11T12:13:44.494+0000] {python.py:177} INFO - Done. Returned value was: None
[2024-08-11T12:13:44.504+0000] {warnings.py:110} WARNING - /home/***/.local/lib/python3.7/site-packages/***/models/baseoperator.py:1390: RemovedInAirflow3Warning: Passing 'execution_date' to 'TaskInstance.xcom_push()' is deprecated.
  context['ti'].xcom_push(key=key, value=value, execution_date=execution_date)

[2024-08-11T12:13:44.568+0000] {taskinstance.py:1406} INFO - Marking task as SUCCESS. dag_id=producer, task_id=update_dataset2, execution_date=20240811T121340, start_date=20240811T121343, end_date=20240811T121344
[2024-08-11T12:13:44.672+0000] {local_task_job.py:164} INFO - Task exited with return code 0
[2024-08-11T12:13:44.699+0000] {local_task_job.py:273} INFO - 0 downstream tasks scheduled from follow-on schedule check
